Arguments: 
  C:\Program Files\nodejs\node.exe C:\Users\tranv\AppData\Roaming\npm\node_modules\yarn\bin\yarn.js add react-toastify==9.0.3

PATH: 
  C:\Users\tranv\anaconda3\condabin;C:\Program Files (x86)\Razer Chroma SDK\bin;C:\Program Files\Razer Chroma SDK\bin;C:\Program Files (x86)\Razer\ChromaBroadcast\bin;C:\Program Files\Razer\ChromaBroadcast\bin;C:\WINDOWS\system32;C:\WINDOWS;C:\WINDOWS\System32\Wbem;C:\WINDOWS\System32\WindowsPowerShell\v1.0\;C:\WINDOWS\System32\OpenSSH\;C:\Program Files\Microsoft SQL Server\Client SDK\ODBC\170\Tools\Binn\;C:\Program Files (x86)\Microsoft SQL Server\150\Tools\Binn\;C:\Program Files\Microsoft SQL Server\150\Tools\Binn\;C:\Program Files\Microsoft SQL Server\150\DTS\Binn\;C:\Program Files (x86)\Microsoft SQL Server\150\DTS\Binn\;C:\Program Files\Azure Data Studio\bin;C:\Program Files\Git\cmd;C:\ProgramData\chocolatey\bin;C:\xampp\php;C:\WINDOWS\system32;C:\WINDOWS;C:\WINDOWS\System32\Wbem;C:\WINDOWS\System32\WindowsPowerShell\v1.0\;C:\WINDOWS\System32\OpenSSH\;C:\ProgramData\ComposerSetup\bin;C:\Users\tranv\AppData\Roaming\nvm;C:\Program Files\nodejs;C:\Users\tranv\Anaconda3\Scripts;C:\Program Files\MongoDB\Server\6.0\bin\;C:\WINDOWS\system32\config\systemprofile\AppData\Local\Microsoft\WindowsApps;C:\Users\tranv\AppData\Local\Programs\Python\Python310\Scripts\;C:\Users\tranv\AppData\Local\Programs\Python\Python310\;C:\Program Files\MySQL\MySQL Shell 8.0\bin\;C:\Users\tranv\AppData\Local\Microsoft\WindowsApps;C:\Program Files\heroku\bin;C:\Users\tranv\AppData\Roaming\npm;C:\Users\tranv\AppData\Local\GitHubDesktop\bin;C:\Users\tranv\AppData\Roaming\Composer\vendor\bin;C:\php-8.0.24\php-8.0.24;C:\Users\tranv\AppData\Local\Programs\Microsoft VS Code\bin;C:\Program Files\JetBrains\DataSpell 2022.3.3\bin;C:\Users\tranv\AppData\Local\Programs\mongosh\;C:\Users\tranv\AppData\Local\Programs\Python\Python310\Scripts\;C:\Users\tranv\AppData\Local\Programs\Python\Python310\;C:\Program Files\MySQL\MySQL Shell 8.0\bin\;C:\Users\tranv\AppData\Local\Microsoft\WindowsApps;C:\Program Files\Azure Data Studio\bin;C:\Program Files\heroku\bin;C:\Users\tranv\AppData\Roaming\npm;C:\Users\tranv\AppData\Roaming\Composer\vendor\bin;C:\php-8.0.24\php-8.0.24;C:\Users\tranv\AppData\Roaming\nvm;C:\Program Files\nodejs;C:\Users\tranv\AppData\Local\Programs\Microsoft VS Code\bin;C:\Program Files\JetBrains\DataSpell 2022.3.3\bin;;C:\Users\tranv\AppData\Local\Programs\mongosh\;C:\Users\tranv\AppData\Local\Programs\oh-my-posh\bin

Yarn version: 
  1.22.19

Node version: 
  16.17.0

Platform: 
  win32 x64

Trace: 
  Error: https://registry.yarnpkg.com/react-toastify==9.0.3: Not found
      at Request.params.callback [as _callback] (C:\Users\tranv\AppData\Roaming\npm\node_modules\yarn\lib\cli.js:66145:18)
      at Request.self.callback (C:\Users\tranv\AppData\Roaming\npm\node_modules\yarn\lib\cli.js:140890:22)
      at Request.emit (node:events:513:28)
      at Request.<anonymous> (C:\Users\tranv\AppData\Roaming\npm\node_modules\yarn\lib\cli.js:141862:10)
      at Request.emit (node:events:513:28)
      at IncomingMessage.<anonymous> (C:\Users\tranv\AppData\Roaming\npm\node_modules\yarn\lib\cli.js:141784:12)
      at Object.onceWrapper (node:events:627:28)
      at IncomingMessage.emit (node:events:525:35)
      at endReadableNT (node:internal/streams/readable:1358:12)
      at processTicksAndRejections (node:internal/process/task_queues:83:21)

npm manifest: 
  {
    "dependencies": {
      "react-toastify": "^9.1.3"
    }
  }

yarn manifest: 
  No manifest

Lockfile: 
  # THIS IS AN AUTOGENERATED FILE. DO NOT EDIT THIS FILE DIRECTLY.
  # yarn lockfile v1
  
  
  clsx@^1.1.1:
    version "1.2.1"
    resolved "https://registry.yarnpkg.com/clsx/-/clsx-1.2.1.tgz#0ddc4a20a549b59c93a4116bb26f5294ca17dc12"
    integrity sha512-EcR6r5a8bj6pu3ycsa/E/cKVGuTgZJZdsyUYHOksG/UHIiKfjxzRxYJpyVBwYaQeOvghal9fcc4PidlgzugAQg==
  
  react-toastify@^9.1.3:
    version "9.1.3"
    resolved "https://registry.yarnpkg.com/react-toastify/-/react-toastify-9.1.3.tgz#1e798d260d606f50e0fab5ee31daaae1d628c5ff"
    integrity sha512-fPfb8ghtn/XMxw3LkxQBk3IyagNpF/LIKjOBflbexr2AWxAH1MJgvnESwEwBn9liLFXgTKWgBSdZpw9m4OTHTg==
    dependencies:
      clsx "^1.1.1"
